TOP.65c61061.0002d3a3	START
TOP.65c61061.0002d3a3	folder_config->cwd	/home/as/capture
TOP.65c61061.0002d3a3	folder_config->install_dir	/usr/bin
TOP.65c61061.0002d3a3	folder_config->profile_dir	/root/.local/share/hashcat
TOP.65c61061.0002d3a3	folder_config->session_dir	/root/.local/share/hashcat/sessions
TOP.65c61061.0002d3a3	folder_config->shared_dir	/usr/share/hashcat
TOP.65c61061.0002d3a3	user_options->encoding_from	utf-8
TOP.65c61061.0002d3a3	user_options->encoding_to	utf-8
TOP.65c61061.0002d3a3	user_options->rule_buf_l	:
TOP.65c61061.0002d3a3	user_options->rule_buf_r	:
TOP.65c61061.0002d3a3	user_options->session	hashcat
TOP.65c61061.0002d3a3	user_options->separator	:
TOP.65c61061.0002d3a3	user_options->limit	0
TOP.65c61061.0002d3a3	user_options->skip	0
TOP.65c61061.0002d3a3	user_options->attack_mode	0
TOP.65c61061.0002d3a3	user_options->benchmark	0
TOP.65c61061.0002d3a3	user_options->benchmark_all	0
TOP.65c61061.0002d3a3	user_options->bitmap_max	18
TOP.65c61061.0002d3a3	user_options->bitmap_min	16
TOP.65c61061.0002d3a3	user_options->debug_mode	0
TOP.65c61061.0002d3a3	user_options->hash_info	0
TOP.65c61061.0002d3a3	user_options->force	0
TOP.65c61061.0002d3a3	user_options->hwmon_disable	0
TOP.65c61061.0002d3a3	user_options->hwmon_temp_abort	90
TOP.65c61061.0002d3a3	user_options->hash_mode	22000
TOP.65c61061.0002d3a3	user_options->hex_charset	0
TOP.65c61061.0002d3a3	user_options->hex_salt	0
TOP.65c61061.0002d3a3	user_options->hex_wordlist	0
TOP.65c61061.0002d3a3	user_options->hook_threads	4
TOP.65c61061.0002d3a3	user_options->identify	0
TOP.65c61061.0002d3a3	user_options->increment	0
TOP.65c61061.0002d3a3	user_options->increment_max	256
TOP.65c61061.0002d3a3	user_options->increment_min	1
TOP.65c61061.0002d3a3	user_options->keep_guessing	0
TOP.65c61061.0002d3a3	user_options->kernel_accel	0
TOP.65c61061.0002d3a3	user_options->kernel_loops	0
TOP.65c61061.0002d3a3	user_options->kernel_threads	0
TOP.65c61061.0002d3a3	user_options->keyspace	0
TOP.65c61061.0002d3a3	user_options->left	0
TOP.65c61061.0002d3a3	user_options->logfile_disable	0
TOP.65c61061.0002d3a3	user_options->loopback	0
TOP.65c61061.0002d3a3	user_options->machine_readable	0
TOP.65c61061.0002d3a3	user_options->markov_classic	0
TOP.65c61061.0002d3a3	user_options->markov_disable	0
TOP.65c61061.0002d3a3	user_options->markov_inverse	0
TOP.65c61061.0002d3a3	user_options->markov_threshold	256
TOP.65c61061.0002d3a3	user_options->multiply_accel_disable	0
TOP.65c61061.0002d3a3	user_options->backend_info	0
TOP.65c61061.0002d3a3	user_options->backend_vector_width	0
TOP.65c61061.0002d3a3	user_options->optimized_kernel_enable	0
TOP.65c61061.0002d3a3	user_options->outfile_autohex	1
TOP.65c61061.0002d3a3	user_options->outfile_check_timer	5
TOP.65c61061.0002d3a3	user_options->outfile_format	3
TOP.65c61061.0002d3a3	user_options->wordlist_autohex_disable	0
TOP.65c61061.0002d3a3	user_options->potfile_disable	0
TOP.65c61061.0002d3a3	user_options->progress_only	0
TOP.65c61061.0002d3a3	user_options->quiet	0
TOP.65c61061.0002d3a3	user_options->remove	0
TOP.65c61061.0002d3a3	user_options->remove_timer	60
TOP.65c61061.0002d3a3	user_options->restore	0
TOP.65c61061.0002d3a3	user_options->restore_disable	0
TOP.65c61061.0002d3a3	user_options->restore_timer	1
TOP.65c61061.0002d3a3	user_options->rp_files_cnt	0
TOP.65c61061.0002d3a3	user_options->rp_gen	0
TOP.65c61061.0002d3a3	user_options->rp_gen_func_max	4
TOP.65c61061.0002d3a3	user_options->rp_gen_func_min	1
TOP.65c61061.0002d3a3	user_options->rp_gen_seed	0
TOP.65c61061.0002d3a3	user_options->runtime	0
TOP.65c61061.0002d3a3	user_options->scrypt_tmto	0
TOP.65c61061.0002d3a3	user_options->segment_size	33554432
TOP.65c61061.0002d3a3	user_options->self_test_disable	0
TOP.65c61061.0002d3a3	user_options->slow_candidates	0
TOP.65c61061.0002d3a3	user_options->show	0
TOP.65c61061.0002d3a3	user_options->speed_only	0
TOP.65c61061.0002d3a3	user_options->spin_damp	0
TOP.65c61061.0002d3a3	user_options->status	0
TOP.65c61061.0002d3a3	user_options->status_json	0
TOP.65c61061.0002d3a3	user_options->status_timer	10
TOP.65c61061.0002d3a3	user_options->stdout_flag	0
TOP.65c61061.0002d3a3	user_options->usage	0
TOP.65c61061.0002d3a3	user_options->username	0
TOP.65c61061.0002d3a3	user_options->veracrypt_pim_start	485
TOP.65c61061.0002d3a3	user_options->veracrypt_pim_stop	485
TOP.65c61061.0002d3a3	user_options->version	0
TOP.65c61061.0002d3a3	user_options->workload_profile	3
TOP.65c61061.0002d3a3	user_options->brain_client	0
TOP.65c61061.0002d3a3	user_options->brain_client_features	2
TOP.65c61061.0002d3a3	user_options->brain_server	0
TOP.65c61061.0002d3a3	user_options->brain_server_timer	300
TOP.65c61061.0002d3a3	user_options->brain_port	6863
TOP.65c61061.0002d3a3	user_options->brain_session	0
TOP.65c61061.0002d3a3	proc_start	1707479137
TOP.65c61061.0002d3a3	proc_stop	1707479137
TOP.65c61061.0002d3a3	STOP
TOP.65c61065.0002c672	START
TOP.65c61065.0002c672	folder_config->cwd	/home/as/capture
TOP.65c61065.0002c672	folder_config->install_dir	/usr/bin
TOP.65c61065.0002c672	folder_config->profile_dir	/root/.local/share/hashcat
TOP.65c61065.0002c672	folder_config->session_dir	/root/.local/share/hashcat/sessions
TOP.65c61065.0002c672	folder_config->shared_dir	/usr/share/hashcat
TOP.65c61065.0002c672	user_options->encoding_from	utf-8
TOP.65c61065.0002c672	user_options->encoding_to	utf-8
TOP.65c61065.0002c672	user_options->rule_buf_l	:
TOP.65c61065.0002c672	user_options->rule_buf_r	:
TOP.65c61065.0002c672	user_options->session	hashcat
TOP.65c61065.0002c672	user_options->separator	:
TOP.65c61065.0002c672	user_options->limit	0
TOP.65c61065.0002c672	user_options->skip	0
TOP.65c61065.0002c672	user_options->attack_mode	0
TOP.65c61065.0002c672	user_options->benchmark	0
TOP.65c61065.0002c672	user_options->benchmark_all	0
TOP.65c61065.0002c672	user_options->bitmap_max	18
TOP.65c61065.0002c672	user_options->bitmap_min	16
TOP.65c61065.0002c672	user_options->debug_mode	0
TOP.65c61065.0002c672	user_options->hash_info	0
TOP.65c61065.0002c672	user_options->force	0
TOP.65c61065.0002c672	user_options->hwmon_disable	0
TOP.65c61065.0002c672	user_options->hwmon_temp_abort	90
TOP.65c61065.0002c672	user_options->hash_mode	22000
TOP.65c61065.0002c672	user_options->hex_charset	0
TOP.65c61065.0002c672	user_options->hex_salt	0
TOP.65c61065.0002c672	user_options->hex_wordlist	0
TOP.65c61065.0002c672	user_options->hook_threads	4
TOP.65c61065.0002c672	user_options->identify	0
TOP.65c61065.0002c672	user_options->increment	0
TOP.65c61065.0002c672	user_options->increment_max	256
TOP.65c61065.0002c672	user_options->increment_min	1
TOP.65c61065.0002c672	user_options->keep_guessing	0
TOP.65c61065.0002c672	user_options->kernel_accel	0
TOP.65c61065.0002c672	user_options->kernel_loops	0
TOP.65c61065.0002c672	user_options->kernel_threads	0
TOP.65c61065.0002c672	user_options->keyspace	0
TOP.65c61065.0002c672	user_options->left	0
TOP.65c61065.0002c672	user_options->logfile_disable	0
TOP.65c61065.0002c672	user_options->loopback	0
TOP.65c61065.0002c672	user_options->machine_readable	0
TOP.65c61065.0002c672	user_options->markov_classic	0
TOP.65c61065.0002c672	user_options->markov_disable	0
TOP.65c61065.0002c672	user_options->markov_inverse	0
TOP.65c61065.0002c672	user_options->markov_threshold	256
TOP.65c61065.0002c672	user_options->multiply_accel_disable	0
TOP.65c61065.0002c672	user_options->backend_info	0
TOP.65c61065.0002c672	user_options->backend_vector_width	0
TOP.65c61065.0002c672	user_options->optimized_kernel_enable	0
TOP.65c61065.0002c672	user_options->outfile_autohex	1
TOP.65c61065.0002c672	user_options->outfile_check_timer	5
TOP.65c61065.0002c672	user_options->outfile_format	3
TOP.65c61065.0002c672	user_options->wordlist_autohex_disable	0
TOP.65c61065.0002c672	user_options->potfile_disable	0
TOP.65c61065.0002c672	user_options->progress_only	0
TOP.65c61065.0002c672	user_options->quiet	0
TOP.65c61065.0002c672	user_options->remove	0
TOP.65c61065.0002c672	user_options->remove_timer	60
TOP.65c61065.0002c672	user_options->restore	0
TOP.65c61065.0002c672	user_options->restore_disable	0
TOP.65c61065.0002c672	user_options->restore_timer	1
TOP.65c61065.0002c672	user_options->rp_files_cnt	0
TOP.65c61065.0002c672	user_options->rp_gen	0
TOP.65c61065.0002c672	user_options->rp_gen_func_max	4
TOP.65c61065.0002c672	user_options->rp_gen_func_min	1
TOP.65c61065.0002c672	user_options->rp_gen_seed	0
TOP.65c61065.0002c672	user_options->runtime	0
TOP.65c61065.0002c672	user_options->scrypt_tmto	0
TOP.65c61065.0002c672	user_options->segment_size	33554432
TOP.65c61065.0002c672	user_options->self_test_disable	0
TOP.65c61065.0002c672	user_options->slow_candidates	0
TOP.65c61065.0002c672	user_options->show	0
TOP.65c61065.0002c672	user_options->speed_only	0
TOP.65c61065.0002c672	user_options->spin_damp	0
TOP.65c61065.0002c672	user_options->status	0
TOP.65c61065.0002c672	user_options->status_json	0
TOP.65c61065.0002c672	user_options->status_timer	10
TOP.65c61065.0002c672	user_options->stdout_flag	0
TOP.65c61065.0002c672	user_options->usage	0
TOP.65c61065.0002c672	user_options->username	0
TOP.65c61065.0002c672	user_options->veracrypt_pim_start	485
TOP.65c61065.0002c672	user_options->veracrypt_pim_stop	485
TOP.65c61065.0002c672	user_options->version	0
TOP.65c61065.0002c672	user_options->workload_profile	3
TOP.65c61065.0002c672	user_options->brain_client	0
TOP.65c61065.0002c672	user_options->brain_client_features	2
TOP.65c61065.0002c672	user_options->brain_server	0
TOP.65c61065.0002c672	user_options->brain_server_timer	300
TOP.65c61065.0002c672	user_options->brain_port	6863
TOP.65c61065.0002c672	user_options->brain_session	0
TOP.65c61065.0002c672	proc_start	1707479141
TOP.65c61065.0002c672	proc_stop	1707479141
TOP.65c61065.0002c672	STOP
TOP.65c6182d.000bab0f	START
TOP.65c6182d.000bab0f	folder_config->cwd	/home/as/capture
TOP.65c6182d.000bab0f	folder_config->install_dir	/usr/bin
TOP.65c6182d.000bab0f	folder_config->profile_dir	/root/.local/share/hashcat
TOP.65c6182d.000bab0f	folder_config->session_dir	/root/.local/share/hashcat/sessions
TOP.65c6182d.000bab0f	folder_config->shared_dir	/usr/share/hashcat
TOP.65c6182d.000bab0f	user_options->encoding_from	utf-8
TOP.65c6182d.000bab0f	user_options->encoding_to	utf-8
TOP.65c6182d.000bab0f	user_options->rule_buf_l	:
TOP.65c6182d.000bab0f	user_options->rule_buf_r	:
TOP.65c6182d.000bab0f	user_options->session	hashcat
TOP.65c6182d.000bab0f	user_options->separator	:
TOP.65c6182d.000bab0f	user_options->limit	0
TOP.65c6182d.000bab0f	user_options->skip	0
TOP.65c6182d.000bab0f	user_options->attack_mode	0
TOP.65c6182d.000bab0f	user_options->benchmark	0
TOP.65c6182d.000bab0f	user_options->benchmark_all	0
TOP.65c6182d.000bab0f	user_options->bitmap_max	18
TOP.65c6182d.000bab0f	user_options->bitmap_min	16
TOP.65c6182d.000bab0f	user_options->debug_mode	0
TOP.65c6182d.000bab0f	user_options->hash_info	0
TOP.65c6182d.000bab0f	user_options->force	0
TOP.65c6182d.000bab0f	user_options->hwmon_disable	0
TOP.65c6182d.000bab0f	user_options->hwmon_temp_abort	90
TOP.65c6182d.000bab0f	user_options->hash_mode	22000
TOP.65c6182d.000bab0f	user_options->hex_charset	0
TOP.65c6182d.000bab0f	user_options->hex_salt	0
TOP.65c6182d.000bab0f	user_options->hex_wordlist	0
TOP.65c6182d.000bab0f	user_options->hook_threads	4
TOP.65c6182d.000bab0f	user_options->identify	0
TOP.65c6182d.000bab0f	user_options->increment	0
TOP.65c6182d.000bab0f	user_options->increment_max	256
TOP.65c6182d.000bab0f	user_options->increment_min	1
TOP.65c6182d.000bab0f	user_options->keep_guessing	0
TOP.65c6182d.000bab0f	user_options->kernel_accel	0
TOP.65c6182d.000bab0f	user_options->kernel_loops	0
TOP.65c6182d.000bab0f	user_options->kernel_threads	0
TOP.65c6182d.000bab0f	user_options->keyspace	0
TOP.65c6182d.000bab0f	user_options->left	0
TOP.65c6182d.000bab0f	user_options->logfile_disable	0
TOP.65c6182d.000bab0f	user_options->loopback	0
TOP.65c6182d.000bab0f	user_options->machine_readable	0
TOP.65c6182d.000bab0f	user_options->markov_classic	0
TOP.65c6182d.000bab0f	user_options->markov_disable	0
TOP.65c6182d.000bab0f	user_options->markov_inverse	0
TOP.65c6182d.000bab0f	user_options->markov_threshold	256
TOP.65c6182d.000bab0f	user_options->multiply_accel_disable	0
TOP.65c6182d.000bab0f	user_options->backend_info	0
TOP.65c6182d.000bab0f	user_options->backend_vector_width	0
TOP.65c6182d.000bab0f	user_options->optimized_kernel_enable	0
TOP.65c6182d.000bab0f	user_options->outfile_autohex	1
TOP.65c6182d.000bab0f	user_options->outfile_check_timer	5
TOP.65c6182d.000bab0f	user_options->outfile_format	3
TOP.65c6182d.000bab0f	user_options->wordlist_autohex_disable	0
TOP.65c6182d.000bab0f	user_options->potfile_disable	0
TOP.65c6182d.000bab0f	user_options->progress_only	0
TOP.65c6182d.000bab0f	user_options->quiet	0
TOP.65c6182d.000bab0f	user_options->remove	0
TOP.65c6182d.000bab0f	user_options->remove_timer	60
TOP.65c6182d.000bab0f	user_options->restore	0
TOP.65c6182d.000bab0f	user_options->restore_disable	0
TOP.65c6182d.000bab0f	user_options->restore_timer	1
TOP.65c6182d.000bab0f	user_options->rp_files_cnt	0
TOP.65c6182d.000bab0f	user_options->rp_gen	0
TOP.65c6182d.000bab0f	user_options->rp_gen_func_max	4
TOP.65c6182d.000bab0f	user_options->rp_gen_func_min	1
TOP.65c6182d.000bab0f	user_options->rp_gen_seed	0
TOP.65c6182d.000bab0f	user_options->runtime	0
TOP.65c6182d.000bab0f	user_options->scrypt_tmto	0
TOP.65c6182d.000bab0f	user_options->segment_size	33554432
TOP.65c6182d.000bab0f	user_options->self_test_disable	0
TOP.65c6182d.000bab0f	user_options->slow_candidates	0
TOP.65c6182d.000bab0f	user_options->show	0
TOP.65c6182d.000bab0f	user_options->speed_only	0
TOP.65c6182d.000bab0f	user_options->spin_damp	0
TOP.65c6182d.000bab0f	user_options->status	0
TOP.65c6182d.000bab0f	user_options->status_json	0
TOP.65c6182d.000bab0f	user_options->status_timer	10
TOP.65c6182d.000bab0f	user_options->stdout_flag	0
TOP.65c6182d.000bab0f	user_options->usage	0
TOP.65c6182d.000bab0f	user_options->username	0
TOP.65c6182d.000bab0f	user_options->veracrypt_pim_start	485
TOP.65c6182d.000bab0f	user_options->veracrypt_pim_stop	485
TOP.65c6182d.000bab0f	user_options->version	0
TOP.65c6182d.000bab0f	user_options->workload_profile	3
TOP.65c6182d.000bab0f	user_options->brain_client	0
TOP.65c6182d.000bab0f	user_options->brain_client_features	2
TOP.65c6182d.000bab0f	user_options->brain_server	0
TOP.65c6182d.000bab0f	user_options->brain_server_timer	300
TOP.65c6182d.000bab0f	user_options->brain_port	6863
TOP.65c6182d.000bab0f	user_options->brain_session	0
TOP.65c6182d.000bab0f	hashes->hashfile	cac
TOP.65c6182d.000bab0f	hashes->hashlist_mode	5
TOP.65c6182d.000bab0f	hashes->hashlist_format	0
TOP.65c6182d.000bab0f	hashes->hashes_cnt	0
TOP.65c6182d.000bab0f	hashes->digests_cnt	1
TOP.65c6182d.000bab0f	hashes->digests_done_pot	0
TOP.65c6182d.000bab0f	hashes->digests_done_zero	0
TOP.65c6182d.000bab0f	hashes->digests_done	0
TOP.65c6182d.000bab0f	hashes->salts_cnt	1
TOP.65c6182d.000bab0f	hashes->salts_done	0
TOP.65c61861.00061399	START
TOP.65c61861.00061399	folder_config->cwd	/home/as/capture
TOP.65c61861.00061399	folder_config->install_dir	/usr/bin
TOP.65c61861.00061399	folder_config->profile_dir	/root/.local/share/hashcat
TOP.65c61861.00061399	folder_config->session_dir	/root/.local/share/hashcat/sessions
TOP.65c61861.00061399	folder_config->shared_dir	/usr/share/hashcat
TOP.65c61861.00061399	user_options->encoding_from	utf-8
TOP.65c61861.00061399	user_options->encoding_to	utf-8
TOP.65c61861.00061399	user_options->rule_buf_l	:
TOP.65c61861.00061399	user_options->rule_buf_r	:
TOP.65c61861.00061399	user_options->session	hashcat
TOP.65c61861.00061399	user_options->separator	:
TOP.65c61861.00061399	user_options->limit	0
TOP.65c61861.00061399	user_options->skip	0
TOP.65c61861.00061399	user_options->attack_mode	0
TOP.65c61861.00061399	user_options->benchmark	0
TOP.65c61861.00061399	user_options->benchmark_all	0
TOP.65c61861.00061399	user_options->bitmap_max	18
TOP.65c61861.00061399	user_options->bitmap_min	16
TOP.65c61861.00061399	user_options->debug_mode	0
TOP.65c61861.00061399	user_options->hash_info	0
TOP.65c61861.00061399	user_options->force	0
TOP.65c61861.00061399	user_options->hwmon_disable	0
TOP.65c61861.00061399	user_options->hwmon_temp_abort	90
TOP.65c61861.00061399	user_options->hash_mode	22000
TOP.65c61861.00061399	user_options->hex_charset	0
TOP.65c61861.00061399	user_options->hex_salt	0
TOP.65c61861.00061399	user_options->hex_wordlist	0
TOP.65c61861.00061399	user_options->hook_threads	4
TOP.65c61861.00061399	user_options->identify	0
TOP.65c61861.00061399	user_options->increment	0
TOP.65c61861.00061399	user_options->increment_max	256
TOP.65c61861.00061399	user_options->increment_min	1
TOP.65c61861.00061399	user_options->keep_guessing	0
TOP.65c61861.00061399	user_options->kernel_accel	0
TOP.65c61861.00061399	user_options->kernel_loops	0
TOP.65c61861.00061399	user_options->kernel_threads	0
TOP.65c61861.00061399	user_options->keyspace	0
TOP.65c61861.00061399	user_options->left	0
TOP.65c61861.00061399	user_options->logfile_disable	0
TOP.65c61861.00061399	user_options->loopback	0
TOP.65c61861.00061399	user_options->machine_readable	0
TOP.65c61861.00061399	user_options->markov_classic	0
TOP.65c61861.00061399	user_options->markov_disable	0
TOP.65c61861.00061399	user_options->markov_inverse	0
TOP.65c61861.00061399	user_options->markov_threshold	256
TOP.65c61861.00061399	user_options->multiply_accel_disable	0
TOP.65c61861.00061399	user_options->backend_info	0
TOP.65c61861.00061399	user_options->backend_vector_width	0
TOP.65c61861.00061399	user_options->optimized_kernel_enable	0
TOP.65c61861.00061399	user_options->outfile_autohex	1
TOP.65c61861.00061399	user_options->outfile_check_timer	5
TOP.65c61861.00061399	user_options->outfile_format	3
TOP.65c61861.00061399	user_options->wordlist_autohex_disable	0
TOP.65c61861.00061399	user_options->potfile_disable	0
TOP.65c61861.00061399	user_options->progress_only	0
TOP.65c61861.00061399	user_options->quiet	0
TOP.65c61861.00061399	user_options->remove	0
TOP.65c61861.00061399	user_options->remove_timer	60
TOP.65c61861.00061399	user_options->restore	0
TOP.65c61861.00061399	user_options->restore_disable	0
TOP.65c61861.00061399	user_options->restore_timer	1
TOP.65c61861.00061399	user_options->rp_files_cnt	0
TOP.65c61861.00061399	user_options->rp_gen	0
TOP.65c61861.00061399	user_options->rp_gen_func_max	4
TOP.65c61861.00061399	user_options->rp_gen_func_min	1
TOP.65c61861.00061399	user_options->rp_gen_seed	0
TOP.65c61861.00061399	user_options->runtime	0
TOP.65c61861.00061399	user_options->scrypt_tmto	0
TOP.65c61861.00061399	user_options->segment_size	33554432
TOP.65c61861.00061399	user_options->self_test_disable	0
TOP.65c61861.00061399	user_options->slow_candidates	0
TOP.65c61861.00061399	user_options->show	0
TOP.65c61861.00061399	user_options->speed_only	0
TOP.65c61861.00061399	user_options->spin_damp	0
TOP.65c61861.00061399	user_options->status	0
TOP.65c61861.00061399	user_options->status_json	0
TOP.65c61861.00061399	user_options->status_timer	10
TOP.65c61861.00061399	user_options->stdout_flag	0
TOP.65c61861.00061399	user_options->usage	0
TOP.65c61861.00061399	user_options->username	0
TOP.65c61861.00061399	user_options->veracrypt_pim_start	485
TOP.65c61861.00061399	user_options->veracrypt_pim_stop	485
TOP.65c61861.00061399	user_options->version	0
TOP.65c61861.00061399	user_options->workload_profile	3
TOP.65c61861.00061399	user_options->brain_client	0
TOP.65c61861.00061399	user_options->brain_client_features	2
TOP.65c61861.00061399	user_options->brain_server	0
TOP.65c61861.00061399	user_options->brain_server_timer	300
TOP.65c61861.00061399	user_options->brain_port	6863
TOP.65c61861.00061399	user_options->brain_session	0
TOP.65c61861.00061399	hashes->hashfile	cac
TOP.65c61861.00061399	hashes->hashlist_mode	5
TOP.65c61861.00061399	hashes->hashlist_format	0
TOP.65c61861.00061399	hashes->hashes_cnt	0
TOP.65c61861.00061399	hashes->digests_cnt	1
TOP.65c61861.00061399	hashes->digests_done_pot	0
TOP.65c61861.00061399	hashes->digests_done_zero	0
TOP.65c61861.00061399	hashes->digests_done	0
TOP.65c61861.00061399	hashes->salts_cnt	1
TOP.65c61861.00061399	hashes->salts_done	0
TOP.65c61861.00061399	SUB.65c61869.0006d8e0	START
TOP.65c61861.00061399	SUB.65c61869.0006d8e0	straight_ctx->dict	/home/as/rockyou.txt
