0 verbose cli /usr/bin/node /usr/bin/npm
1 info using npm@10.4.0
2 info using node@v21.6.2
3 timing npm:load:whichnode Completed in 1ms
4 timing config:load:defaults Completed in 2ms
5 timing config:load:file:/usr/lib/node_modules/npm/npmrc Completed in 1ms
6 timing config:load:builtin Completed in 1ms
7 timing config:load:cli Completed in 2ms
8 timing config:load:env Completed in 1ms
9 timing config:load:project Completed in 1ms
10 timing config:load:file:/root/.npmrc Completed in 0ms
11 timing config:load:user Completed in 0ms
12 timing config:load:file:/etc/npmrc Completed in 1ms
13 timing config:load:global Completed in 1ms
14 timing config:load:setEnvs Completed in 1ms
15 timing config:load Completed in 10ms
16 timing npm:load:configload Completed in 10ms
17 timing config:load:flatten Completed in 2ms
18 timing npm:load:mkdirpcache Completed in 0ms
19 timing npm:load:mkdirplogs Completed in 0ms
20 verbose title npm root
21 verbose argv "--loglevel" "silent" "root" "--global"
22 timing npm:load:setTitle Completed in 0ms
23 timing npm:load:display Completed in 1ms
24 verbose logfile logs-max:10 dir:/root/.npm/_logs/2024-02-25T03_56_14_584Z-
25 verbose logfile /root/.npm/_logs/2024-02-25T03_56_14_584Z-debug-0.log
26 timing npm:load:logFile Completed in 8ms
27 timing npm:load:timers Completed in 0ms
28 timing npm:load:configScope Completed in 0ms
29 timing npm:load Completed in 37ms
30 timing command:root Completed in 3ms
31 verbose exit 0
32 timing npm Completed in 72ms
33 info ok
