2023-10-16 21:12:20,408 DEBUG    root            Loaded Command Group: ['gcloud', 'auth']
2023-10-16 21:12:20,432 DEBUG    root            Loaded Command Group: ['gcloud', 'auth', 'login']
2023-10-16 21:12:20,435 DEBUG    root            Running [gcloud.auth.login] with arguments: []
2023-10-16 21:12:20,517 DEBUG    requests_oauthlib.oauth2_session Generated new state OBofvVGo1vkyNjxDN9GeT9cF626cp2.
2023-10-16 21:12:20,517 INFO     ___FILE_ONLY___ Your browser has been opened to visit:

    https://accounts.google.com/o/oauth2/auth?response_type=code&client_id=32555940559.apps.googleusercontent.com&redirect_uri=http%3A%2F%2Flocalhost%3A8085%2F&scope=openid+https%3A%2F%2Fwww.googleapis.com%2Fauth%2Fuserinfo.email+https%3A%2F%2Fwww.googleapis.com%2Fauth%2Fcloud-platform+https%3A%2F%2Fwww.googleapis.com%2Fauth%2Fappengine.admin+https%3A%2F%2Fwww.googleapis.com%2Fauth%2Fsqlservice.login+https%3A%2F%2Fwww.googleapis.com%2Fauth%2Fcompute+https%3A%2F%2Fwww.googleapis.com%2Fauth%2Faccounts.reauth&state=OBofvVGo1vkyNjxDN9GeT9cF626cp2&access_type=offline&code_challenge=efLr9pXebCC9SD6nn-3sIZ10rlCFaOHJRKO_FhEqOkE&code_challenge_method=S256


2023-10-16 21:12:32,100 INFO     google_auth_oauthlib.flow "GET /?state=OBofvVGo1vkyNjxDN9GeT9cF626cp2&code=4/0AfJohXmnCYiH3HZjtzeunB2tVy634zlGBe2OkrskyV4THG95KQgZShz6zeW1Bg6slt4ryQ&scope=email%20openid%20https://www.googleapis.com/auth/userinfo.email%20https://www.googleapis.com/auth/cloud-platform%20https://www.googleapis.com/auth/appengine.admin%20https://www.googleapis.com/auth/sqlservice.login%20https://www.googleapis.com/auth/compute%20https://www.googleapis.com/auth/accounts.reauth&authuser=0&prompt=consent HTTP/1.1" 200 959
2023-10-16 21:12:32,100 DEBUG    requests_oauthlib.oauth2_session Requesting url https://oauth2.googleapis.com/token using method POST.
2023-10-16 21:12:32,101 DEBUG    requests_oauthlib.oauth2_session Supplying headers {b'Accept': b'application/json', b'Content-Type': b'application/x-www-form-urlencoded;charset=UTF-8', b'user-agent': b'google-cloud-sdk gcloud/395.0.0 command/gcloud.auth.login invocation-id/d5ceb6c377cc40509668b6e97bb659ec environment/None environment-version/None interactive/True from-script/False python/3.11.5 term/alacritty (Linux 6.1.46-1-clear-ltscurrent)'} and data {'grant_type': 'authorization_code', 'client_id': '32555940559.apps.googleusercontent.com', 'client_secret': 'ZmssLNjJy2998hD4CTg2ejr2', 'code': '4/0AfJohXmnCYiH3HZjtzeunB2tVy634zlGBe2OkrskyV4THG95KQgZShz6zeW1Bg6slt4ryQ', 'redirect_uri': 'http://localhost:8085/', 'code_verifier': 'Ikoj6GnT0Ib-Ank5YNnNMxmv5vZcRIQj3JDIOCY7kYGP0U3zQc_hm-tc0I9o1rsgsMQU3CzygLhxM~-hXj-gTCrcnG3fs.W7D-~YPo55wUL_r-H7i6n1uMtqJv31Wioj'}
2023-10-16 21:12:32,101 DEBUG    requests_oauthlib.oauth2_session Passing through key word arguments {'json': None, 'timeout': None, 'auth': None, 'verify': None, 'proxies': None}.
2023-10-16 21:12:32,103 DEBUG    urllib3.connectionpool Starting new HTTPS connection (1): oauth2.googleapis.com:443
2023-10-16 21:12:32,323 DEBUG    urllib3.connectionpool https://oauth2.googleapis.com:443 "POST /token HTTP/1.1" 200 None
2023-10-16 21:12:32,324 DEBUG    requests_oauthlib.oauth2_session Prepared fetch token request body grant_type=authorization_code&client_id=32555940559.apps.googleusercontent.com&client_secret=ZmssLNjJy2998hD4CTg2ejr2&code=4%2F0AfJohXmnCYiH3HZjtzeunB2tVy634zlGBe2OkrskyV4THG95KQgZShz6zeW1Bg6slt4ryQ&redirect_uri=http%3A%2F%2Flocalhost%3A8085%2F&code_verifier=Ikoj6GnT0Ib-Ank5YNnNMxmv5vZcRIQj3JDIOCY7kYGP0U3zQc_hm-tc0I9o1rsgsMQU3CzygLhxM~-hXj-gTCrcnG3fs.W7D-~YPo55wUL_r-H7i6n1uMtqJv31Wioj
2023-10-16 21:12:32,324 DEBUG    requests_oauthlib.oauth2_session Request to fetch token completed with status 200.
2023-10-16 21:12:32,325 DEBUG    requests_oauthlib.oauth2_session Request headers were {'user-agent': b'google-cloud-sdk gcloud/395.0.0 command/gcloud.auth.login invocation-id/d5ceb6c377cc40509668b6e97bb659ec environment/None environment-version/None interactive/True from-script/False python/3.11.5 term/alacritty (Linux 6.1.46-1-clear-ltscurrent)', 'Accept-Encoding': 'gzip, deflate', 'Accept': b'application/json', 'Connection': 'keep-alive', 'Content-Type': b'application/x-www-form-urlencoded;charset=UTF-8', 'Content-Length': '387'}
2023-10-16 21:12:32,325 DEBUG    requests_oauthlib.oauth2_session Request body was grant_type=authorization_code&client_id=32555940559.apps.googleusercontent.com&client_secret=ZmssLNjJy2998hD4CTg2ejr2&code=4%2F0AfJohXmnCYiH3HZjtzeunB2tVy634zlGBe2OkrskyV4THG95KQgZShz6zeW1Bg6slt4ryQ&redirect_uri=http%3A%2F%2Flocalhost%3A8085%2F&code_verifier=Ikoj6GnT0Ib-Ank5YNnNMxmv5vZcRIQj3JDIOCY7kYGP0U3zQc_hm-tc0I9o1rsgsMQU3CzygLhxM~-hXj-gTCrcnG3fs.W7D-~YPo55wUL_r-H7i6n1uMtqJv31Wioj
2023-10-16 21:12:32,325 DEBUG    requests_oauthlib.oauth2_session Response headers were {'Date': 'Mon, 16 Oct 2023 14:12:32 GMT', 'Pragma': 'no-cache', 'Cache-Control': 'no-cache, no-store, max-age=0, must-revalidate', 'Expires': 'Mon, 01 Jan 1990 00:00:00 GMT', 'Content-Type': 'application/json; charset=utf-8', 'Vary': 'Origin, X-Origin, Referer', 'Content-Encoding': 'gzip', 'Server': 'scaffolding on HTTPServer2', 'X-XSS-Protection': '0', 'X-Frame-Options': 'SAMEORIGIN', 'X-Content-Type-Options': 'nosniff', 'Alt-Svc': 'h3=":443"; ma=2592000,h3-29=":443"; ma=2592000', 'Transfer-Encoding': 'chunked'} and content {
  "access_token": "ya29.a0AfB_byC3KFyGZEIQxVCQVL7AD0so288-NtWdmb9OY5M0wku3o_R6fV1yoTKFNeU5zhkYT1muZ_PMuYU_e-_FCaUSXOQ9ER2NEClhU43yAblb-vg3754AIL1CuzktPDjh1JeuihE4doboJHDYrEqiWPbz_bTGCc06ER1LG6oK8waCgYKAY4SARMSFQGOcNnCNVKfYmYbKYXMBOGhyLllFQ0177",
  "expires_in": 3599,
  "refresh_token": "1//0eF8w7b3gbOinCgYIARAAGA4SNwF-L9Irr83mMaG0PKWpVs70AzL78wnuffiZM8ymHujQa1YpXMs58R0RMxFANIksJBKJandPG_0",
  "scope": "https://www.googleapis.com/auth/accounts.reauth https://www.googleapis.com/auth/appengine.admin https://www.googleapis.com/auth/compute https://www.googleapis.com/auth/sqlservice.login https://www.googleapis.com/auth/userinfo.email openid https://www.googleapis.com/auth/cloud-platform",
  "token_type": "Bearer",
  "id_token": "eyJhbGciOiJSUzI1NiIsImtpZCI6IjdkMzM0NDk3NTA2YWNiNzRjZGVlZGFhNjYxODRkMTU1NDdmODM2OTMiLCJ0eXAiOiJKV1QifQ.eyJpc3MiOiJodHRwczovL2FjY291bnRzLmdvb2dsZS5jb20iLCJhenAiOiIzMjU1NTk0MDU1OS5hcHBzLmdvb2dsZXVzZXJjb250ZW50LmNvbSIsImF1ZCI6IjMyNTU1OTQwNTU5LmFwcHMuZ29vZ2xldXNlcmNvbnRlbnQuY29tIiwic3ViIjoiMTA4MDA3Nzc2NDgwNjU5MTk3MzgzIiwiZW1haWwiOiJsbWFvYnJ1YjUxNUBnbWFpbC5jb20iLCJlbWFpbF92ZXJpZmllZCI6dHJ1ZSwiYXRfaGFzaCI6IkhyM29qYi1FbnI2WWNUT2g0WXRHbWciLCJpYXQiOjE2OTc0NjU1NTIsImV4cCI6MTY5NzQ2OTE1Mn0.YSTQVRMNlq351SgNdn224p3ER-RhW4ZCvNe24oSgj-Y08aAqa28EuchmcNiMXP_sJ07K47htTsxIQTLBk5hcqwdD7Nc7WGk47v7gwOnJH6Pg55qQBx5YOIDM4JIXK4W8sdkxE22D9xAG3288W6u2kW7hdPNKT_jP5adcwN7IAyuynql84iYdeo4oDhIzvEISbxg68CfHHK9wBfgsu2vU3maEoR83AOO0yQ8Xf4jg5ugl83u-hSML9qCyDMzQe6krbwT1sfQRC6mTMNXOmnN2OXT_QqXt1Gktq2RR29yrrKcXkc8kAfiRbyLFLu8zY7koZr4JC3H0cEyFT68AaGxN7Q"
}.
2023-10-16 21:12:32,325 DEBUG    requests_oauthlib.oauth2_session Invoking 0 token response hooks.
2023-10-16 21:12:32,325 DEBUG    requests_oauthlib.oauth2_session Obtained token {'access_token': 'ya29.a0AfB_byC3KFyGZEIQxVCQVL7AD0so288-NtWdmb9OY5M0wku3o_R6fV1yoTKFNeU5zhkYT1muZ_PMuYU_e-_FCaUSXOQ9ER2NEClhU43yAblb-vg3754AIL1CuzktPDjh1JeuihE4doboJHDYrEqiWPbz_bTGCc06ER1LG6oK8waCgYKAY4SARMSFQGOcNnCNVKfYmYbKYXMBOGhyLllFQ0177', 'expires_in': 3599, 'refresh_token': '1//0eF8w7b3gbOinCgYIARAAGA4SNwF-L9Irr83mMaG0PKWpVs70AzL78wnuffiZM8ymHujQa1YpXMs58R0RMxFANIksJBKJandPG_0', 'scope': ['https://www.googleapis.com/auth/accounts.reauth', 'https://www.googleapis.com/auth/appengine.admin', 'https://www.googleapis.com/auth/compute', 'https://www.googleapis.com/auth/sqlservice.login', 'https://www.googleapis.com/auth/userinfo.email', 'openid', 'https://www.googleapis.com/auth/cloud-platform'], 'token_type': 'Bearer', 'id_token': 'eyJhbGciOiJSUzI1NiIsImtpZCI6IjdkMzM0NDk3NTA2YWNiNzRjZGVlZGFhNjYxODRkMTU1NDdmODM2OTMiLCJ0eXAiOiJKV1QifQ.eyJpc3MiOiJodHRwczovL2FjY291bnRzLmdvb2dsZS5jb20iLCJhenAiOiIzMjU1NTk0MDU1OS5hcHBzLmdvb2dsZXVzZXJjb250ZW50LmNvbSIsImF1ZCI6IjMyNTU1OTQwNTU5LmFwcHMuZ29vZ2xldXNlcmNvbnRlbnQuY29tIiwic3ViIjoiMTA4MDA3Nzc2NDgwNjU5MTk3MzgzIiwiZW1haWwiOiJsbWFvYnJ1YjUxNUBnbWFpbC5jb20iLCJlbWFpbF92ZXJpZmllZCI6dHJ1ZSwiYXRfaGFzaCI6IkhyM29qYi1FbnI2WWNUT2g0WXRHbWciLCJpYXQiOjE2OTc0NjU1NTIsImV4cCI6MTY5NzQ2OTE1Mn0.YSTQVRMNlq351SgNdn224p3ER-RhW4ZCvNe24oSgj-Y08aAqa28EuchmcNiMXP_sJ07K47htTsxIQTLBk5hcqwdD7Nc7WGk47v7gwOnJH6Pg55qQBx5YOIDM4JIXK4W8sdkxE22D9xAG3288W6u2kW7hdPNKT_jP5adcwN7IAyuynql84iYdeo4oDhIzvEISbxg68CfHHK9wBfgsu2vU3maEoR83AOO0yQ8Xf4jg5ugl83u-hSML9qCyDMzQe6krbwT1sfQRC6mTMNXOmnN2OXT_QqXt1Gktq2RR29yrrKcXkc8kAfiRbyLFLu8zY7koZr4JC3H0cEyFT68AaGxN7Q', 'expires_at': 1697469151.3253028}.
2023-10-16 21:12:32,338 INFO     ___FILE_ONLY___ 
You are now logged in as [lmaobrub515@gmail.com].
Your current project is [None].  You can change this setting by running:
  $ gcloud config set project PROJECT_ID

2023-10-16 21:12:32,339 INFO     root            Display format: "none"
2023-10-16 21:12:32,340 DEBUG    root            Checking for updates...
2023-10-16 21:12:32,342 DEBUG    urllib3.connectionpool Starting new HTTPS connection (1): dl.google.com:443
2023-10-16 21:12:32,534 DEBUG    urllib3.connectionpool https://dl.google.com:443 "GET /dl/cloudsdk/channels/rapid/components-2.json HTTP/1.1" 200 209941
2023-10-16 21:12:32,752 DEBUG    root            Updating notification cache...
2023-10-16 21:12:32,752 DEBUG    root            Activating notification: [default]
2023-10-16 21:12:32,752 INFO     ___FILE_ONLY___ 

Updates are available for some Google Cloud CLI components.  To install them,
please run:
  $ gcloud components update


